This file contains any messages produced by compilers while
running configure, to aid debugging if configure makes a mistake.

It was created by configure, which was
generated by GNU Autoconf 2.61.  Invocation command line was

  $ ./configure --prefix=/home/projects/R7800-V1.0.0.40_gpl_src/staging_dir/host CC=gcc CFLAGS=-O2 -I/home/projects/R7800-V1.0.0.40_gpl_src/staging_dir/host/include CPPFLAGS=-I/home/projects/R7800-V1.0.0.40_gpl_src/staging_dir/host/include LDFLAGS=-L/home/projects/R7800-V1.0.0.40_gpl_src/staging_dir/host/lib SHELL=/bin/bash --target=x86_64-linux-gnu --host=x86_64-linux-gnu --build=x86_64-linux-gnu --program-prefix= --program-suffix= --exec-prefix=/home/projects/R7800-V1.0.0.40_gpl_src/staging_dir/host --sysconfdir=/home/projects/R7800-V1.0.0.40_gpl_src/staging_dir/host/etc --localstatedir=/home/projects/R7800-V1.0.0.40_gpl_src/staging_dir/host/var --sbindir=/home/projects/R7800-V1.0.0.40_gpl_src/staging_dir/host/bin build_alias=x86_64-linux-gnu host_alias=x86_64-linux-gnu target_alias=x86_64-linux-gnu --cache-file=/dev/null --srcdir=.

## --------- ##
## Platform. ##
## --------- ##

hostname = kubuntu12
uname -m = x86_64
uname -r = 3.2.0-99-virtual
uname -s = Linux
uname -v = #139-Ubuntu SMP Mon Feb 1 23:52:21 UTC 2016

/usr/bin/uname -p = unknown
/bin/uname -X     = unknown

/bin/arch              = unknown
/usr/bin/arch -k       = unknown
/usr/convex/getsysinfo = unknown
/usr/bin/hostinfo      = unknown
/bin/machine           = unknown
/usr/bin/oslevel       = unknown
/bin/universe          = unknown

PATH: /home/projects/R7800-V1.0.0.40_gpl_src/staging_dir/toolchain-arm_v7-a_gcc-4.6-linaro_uClibc-0.9.33.2_eabi/bin
PATH: /home/projects/R7800-V1.0.0.40_gpl_src/staging_dir/host/bin
PATH: /home/projects/R7800-V1.0.0.40_gpl_src/staging_dir/toolchain-arm_v7-a_gcc-4.6-linaro_uClibc-0.9.33.2_eabi/bin
PATH: /home/projects/R7800-V1.0.0.40_gpl_src/staging_dir/host/bin
PATH: /home/projects/R7800-V1.0.0.40_gpl_src/staging_dir/toolchain-arm_v7-a_gcc-4.6-linaro_uClibc-0.9.33.2_eabi/bin
PATH: /home/projects/R7800-V1.0.0.40_gpl_src/staging_dir/host/bin
PATH: /usr/local/sbin
PATH: /usr/local/bin
PATH: /usr/sbin
PATH: /usr/bin
PATH: /sbin
PATH: /bin
PATH: /usr/games


## ----------- ##
## Core tests. ##
## ----------- ##

configure:1652: checking whether make sets $(MAKE)
configure:1673: result: yes
configure:1690: checking for x86_64-linux-gnu-gcc
configure:1717: result: gcc
configure:1995: checking for C compiler version
configure:2002: gcc --version >&5
gcc (Ubuntu/Linaro 4.6.3-1ubuntu5) 4.6.3
Copyright (C) 2011 Free Software Foundation, Inc.
This is free software; see the source for copying conditions.  There is NO
warranty; not even for MERCHANTABILITY or FITNESS FOR A PARTICULAR PURPOSE.

configure:2005: $? = 0
configure:2012: gcc -v >&5
Using built-in specs.
COLLECT_GCC=gcc
COLLECT_LTO_WRAPPER=/usr/lib/gcc/x86_64-linux-gnu/4.6/lto-wrapper
Target: x86_64-linux-gnu
Configured with: ../src/configure -v --with-pkgversion='Ubuntu/Linaro 4.6.3-1ubuntu5' --with-bugurl=file:///usr/share/doc/gcc-4.6/README.Bugs --enable-languages=c,c++,fortran,objc,obj-c++ --prefix=/usr --program-suffix=-4.6 --enable-shared --enable-linker-build-id --with-system-zlib --libexecdir=/usr/lib --without-included-gettext --enable-threads=posix --with-gxx-include-dir=/usr/include/c++/4.6 --libdir=/usr/lib --enable-nls --with-sysroot=/ --enable-clocale=gnu --enable-libstdcxx-debug --enable-libstdcxx-time=yes --enable-gnu-unique-object --enable-plugin --enable-objc-gc --disable-werror --with-arch-32=i686 --with-tune=generic --enable-checking=release --build=x86_64-linux-gnu --host=x86_64-linux-gnu --target=x86_64-linux-gnu
Thread model: posix
gcc version 4.6.3 (Ubuntu/Linaro 4.6.3-1ubuntu5) 
configure:2015: $? = 0
configure:2022: gcc -V >&5
gcc: error: unrecognized option '-V'
gcc: fatal error: no input files
compilation terminated.
configure:2025: $? = 4
configure:2048: checking for C compiler default output file name
configure:2075: gcc -O2 -I/home/projects/R7800-V1.0.0.40_gpl_src/staging_dir/host/include -I/home/projects/R7800-V1.0.0.40_gpl_src/staging_dir/host/include -L/home/projects/R7800-V1.0.0.40_gpl_src/staging_dir/host/lib conftest.c  >&5
configure:2078: $? = 0
configure:2116: result: a.out
configure:2133: checking whether the C compiler works
configure:2143: ./a.out
configure:2146: $? = 0
configure:2163: result: yes
configure:2170: checking whether we are cross compiling
configure:2172: result: no
configure:2175: checking for suffix of executables
configure:2182: gcc -o conftest -O2 -I/home/projects/R7800-V1.0.0.40_gpl_src/staging_dir/host/include -I/home/projects/R7800-V1.0.0.40_gpl_src/staging_dir/host/include -L/home/projects/R7800-V1.0.0.40_gpl_src/staging_dir/host/lib conftest.c  >&5
configure:2185: $? = 0
configure:2209: result: 
configure:2215: checking for suffix of object files
configure:2241: gcc -c -O2 -I/home/projects/R7800-V1.0.0.40_gpl_src/staging_dir/host/include -I/home/projects/R7800-V1.0.0.40_gpl_src/staging_dir/host/include conftest.c >&5
configure:2244: $? = 0
configure:2267: result: o
configure:2271: checking whether we are using the GNU C compiler
configure:2300: gcc -c -O2 -I/home/projects/R7800-V1.0.0.40_gpl_src/staging_dir/host/include -I/home/projects/R7800-V1.0.0.40_gpl_src/staging_dir/host/include conftest.c >&5
configure:2306: $? = 0
configure:2323: result: yes
configure:2328: checking whether gcc accepts -g
configure:2358: gcc -c -g -I/home/projects/R7800-V1.0.0.40_gpl_src/staging_dir/host/include conftest.c >&5
configure:2364: $? = 0
configure:2463: result: yes
configure:2480: checking for gcc option to accept ISO C89
configure:2554: gcc  -c -O2 -I/home/projects/R7800-V1.0.0.40_gpl_src/staging_dir/host/include -I/home/projects/R7800-V1.0.0.40_gpl_src/staging_dir/host/include conftest.c >&5
configure:2560: $? = 0
configure:2583: result: none needed
configure:2606: checking how to run the C preprocessor
configure:2646: gcc -E -I/home/projects/R7800-V1.0.0.40_gpl_src/staging_dir/host/include conftest.c
configure:2652: $? = 0
configure:2683: gcc -E -I/home/projects/R7800-V1.0.0.40_gpl_src/staging_dir/host/include conftest.c
conftest.c:8:28: fatal error: ac_nonexistent.h: No such file or directory
compilation terminated.
configure:2689: $? = 1
configure: failed program was:
| /* confdefs.h.  */
| #define PACKAGE_NAME ""
| #define PACKAGE_TARNAME ""
| #define PACKAGE_VERSION ""
| #define PACKAGE_STRING ""
| #define PACKAGE_BUGREPORT ""
| /* end confdefs.h.  */
| #include <ac_nonexistent.h>
configure:2722: result: gcc -E
configure:2751: gcc -E -I/home/projects/R7800-V1.0.0.40_gpl_src/staging_dir/host/include conftest.c
configure:2757: $? = 0
configure:2788: gcc -E -I/home/projects/R7800-V1.0.0.40_gpl_src/staging_dir/host/include conftest.c
conftest.c:8:28: fatal error: ac_nonexistent.h: No such file or directory
compilation terminated.
configure:2794: $? = 1
configure: failed program was:
| /* confdefs.h.  */
| #define PACKAGE_NAME ""
| #define PACKAGE_TARNAME ""
| #define PACKAGE_VERSION ""
| #define PACKAGE_STRING ""
| #define PACKAGE_BUGREPORT ""
| /* end confdefs.h.  */
| #include <ac_nonexistent.h>
configure:2845: checking for x86_64-linux-gnu-g++
configure:2875: result: no
configure:2845: checking for x86_64-linux-gnu-c++
configure:2875: result: no
configure:2845: checking for x86_64-linux-gnu-gpp
configure:2875: result: no
configure:2845: checking for x86_64-linux-gnu-aCC
configure:2875: result: no
configure:2845: checking for x86_64-linux-gnu-CC
configure:2875: result: no
configure:2845: checking for x86_64-linux-gnu-cxx
configure:2875: result: no
configure:2845: checking for x86_64-linux-gnu-cc++
configure:2875: result: no
configure:2845: checking for x86_64-linux-gnu-cl.exe
configure:2875: result: no
configure:2845: checking for x86_64-linux-gnu-FCC
configure:2875: result: no
configure:2845: checking for x86_64-linux-gnu-KCC
configure:2875: result: no
configure:2845: checking for x86_64-linux-gnu-RCC
configure:2875: result: no
configure:2845: checking for x86_64-linux-gnu-xlC_r
configure:2875: result: no
configure:2845: checking for x86_64-linux-gnu-xlC
configure:2875: result: no
configure:2889: checking for g++
configure:2919: result: no
configure:2889: checking for c++
configure:2905: found /usr/bin/c++
configure:2916: result: c++
configure:2947: checking for C++ compiler version
configure:2954: c++ --version >&5
Ubuntu clang version 3.4-1ubuntu3~precise2 (tags/RELEASE_34/final) (based on LLVM 3.4)
Target: x86_64-pc-linux-gnu
Thread model: posix
configure:2957: $? = 0
configure:2964: c++ -v >&5
Ubuntu clang version 3.4-1ubuntu3~precise2 (tags/RELEASE_34/final) (based on LLVM 3.4)
Target: x86_64-pc-linux-gnu
Thread model: posix
Found candidate GCC installation: /usr/bin/../lib/gcc/i686-linux-gnu/4.6
Found candidate GCC installation: /usr/bin/../lib/gcc/i686-linux-gnu/4.6.3
Found candidate GCC installation: /usr/bin/../lib/gcc/x86_64-linux-gnu/4.6
Found candidate GCC installation: /usr/bin/../lib/gcc/x86_64-linux-gnu/4.6.3
Found candidate GCC installation: /usr/lib/gcc/i686-linux-gnu/4.6
Found candidate GCC installation: /usr/lib/gcc/i686-linux-gnu/4.6.3
Found candidate GCC installation: /usr/lib/gcc/x86_64-linux-gnu/4.6
Found candidate GCC installation: /usr/lib/gcc/x86_64-linux-gnu/4.6.3
Selected GCC installation: /usr/bin/../lib/gcc/x86_64-linux-gnu/4.6
configure:2967: $? = 0
configure:2974: c++ -V >&5
clang: error: argument to '-V' is missing (expected 1 value)
clang: error: no input files
configure:2977: $? = 1
configure:2980: checking whether we are using the GNU C++ compiler
configure:3009: c++ -c  -I/home/projects/R7800-V1.0.0.40_gpl_src/staging_dir/host/include conftest.cpp >&5
configure:3015: $? = 0
configure:3032: result: yes
configure:3037: checking whether c++ accepts -g
configure:3067: c++ -c -g -I/home/projects/R7800-V1.0.0.40_gpl_src/staging_dir/host/include conftest.cpp >&5
configure:3073: $? = 0
configure:3172: result: yes
configure:3200: checking how to run the C++ preprocessor
configure:3236: c++ -E -I/home/projects/R7800-V1.0.0.40_gpl_src/staging_dir/host/include conftest.cpp
configure:3242: $? = 0
configure:3273: c++ -E -I/home/projects/R7800-V1.0.0.40_gpl_src/staging_dir/host/include conftest.cpp
conftest.cpp:8:10: fatal error: 'ac_nonexistent.h' file not found
#include <ac_nonexistent.h>
         ^
1 error generated.
configure:3279: $? = 1
configure: failed program was:
| /* confdefs.h.  */
| #define PACKAGE_NAME ""
| #define PACKAGE_TARNAME ""
| #define PACKAGE_VERSION ""
| #define PACKAGE_STRING ""
| #define PACKAGE_BUGREPORT ""
| /* end confdefs.h.  */
| #include <ac_nonexistent.h>
configure:3312: result: c++ -E
configure:3341: c++ -E -I/home/projects/R7800-V1.0.0.40_gpl_src/staging_dir/host/include conftest.cpp
configure:3347: $? = 0
configure:3378: c++ -E -I/home/projects/R7800-V1.0.0.40_gpl_src/staging_dir/host/include conftest.cpp
conftest.cpp:8:10: fatal error: 'ac_nonexistent.h' file not found
#include <ac_nonexistent.h>
         ^
1 error generated.
configure:3384: $? = 1
configure: failed program was:
| /* confdefs.h.  */
| #define PACKAGE_NAME ""
| #define PACKAGE_TARNAME ""
| #define PACKAGE_VERSION ""
| #define PACKAGE_STRING ""
| #define PACKAGE_BUGREPORT ""
| /* end confdefs.h.  */
| #include <ac_nonexistent.h>
configure:3431: checking for a BSD compatible install
configure:3473: result: /usr/bin/install -c
configure:3485: checking for stack-allocated variable-size arrays
configure:3520: c++ -c -g -O2 -I/home/projects/R7800-V1.0.0.40_gpl_src/staging_dir/host/include conftest.cpp >&5
conftest.cpp:8:42: warning: control reaches end of non-void function [-Wreturn-type]
int func (int n) { int dynamic_array[n]; }
                                         ^
1 warning generated.
configure:3526: $? = 0
configure:3549: result: yes
configure:3559: checking for rand in -lm
configure:3594: gcc -o conftest -O2 -I/home/projects/R7800-V1.0.0.40_gpl_src/staging_dir/host/include -I/home/projects/R7800-V1.0.0.40_gpl_src/staging_dir/host/include -L/home/projects/R7800-V1.0.0.40_gpl_src/staging_dir/host/lib conftest.c -lm   >&5
configure:3600: $? = 0
configure:3618: result: yes
configure:3729: creating ./config.status

## ---------------------- ##
## Running config.status. ##
## ---------------------- ##

This file was extended by config.status, which was
generated by GNU Autoconf 2.61.  Invocation command line was

  CONFIG_FILES    = 
  CONFIG_HEADERS  = 
  CONFIG_LINKS    = 
  CONFIG_COMMANDS = 
  $ ./config.status 

on kubuntu12

config.status:598: creating Makefile
config.status:598: creating config.h

## ---------------- ##
## Cache variables. ##
## ---------------- ##

ac_cv_c_compiler_gnu=yes
ac_cv_cxx_compiler_gnu=yes
ac_cv_env_CCC_set=
ac_cv_env_CCC_value=
ac_cv_env_CC_set=set
ac_cv_env_CC_value=gcc
ac_cv_env_CFLAGS_set=set
ac_cv_env_CFLAGS_value='-O2 -I/home/projects/R7800-V1.0.0.40_gpl_src/staging_dir/host/include'
ac_cv_env_CPPFLAGS_set=set
ac_cv_env_CPPFLAGS_value=-I/home/projects/R7800-V1.0.0.40_gpl_src/staging_dir/host/include
ac_cv_env_CPP_set=
ac_cv_env_CPP_value=
ac_cv_env_CXXCPP_set=
ac_cv_env_CXXCPP_value=
ac_cv_env_CXXFLAGS_set=
ac_cv_env_CXXFLAGS_value=
ac_cv_env_CXX_set=
ac_cv_env_CXX_value=
ac_cv_env_LDFLAGS_set=set
ac_cv_env_LDFLAGS_value=-L/home/projects/R7800-V1.0.0.40_gpl_src/staging_dir/host/lib
ac_cv_env_LIBS_set=
ac_cv_env_LIBS_value=
ac_cv_env_build_alias_set=set
ac_cv_env_build_alias_value=x86_64-linux-gnu
ac_cv_env_host_alias_set=set
ac_cv_env_host_alias_value=x86_64-linux-gnu
ac_cv_env_target_alias_set=set
ac_cv_env_target_alias_value=x86_64-linux-gnu
ac_cv_lib_m_rand=yes
ac_cv_objext=o
ac_cv_prog_CC=gcc
ac_cv_prog_CPP='gcc -E'
ac_cv_prog_CXXCPP='c++ -E'
ac_cv_prog_ac_ct_CXX=c++
ac_cv_prog_cc_c89=
ac_cv_prog_cc_g=yes
ac_cv_prog_cxx_g=yes
ac_cv_prog_make_make_set=yes
cl_cv_path_install='/usr/bin/install -c'
gp_cv_cxx_dynamic_array=yes

## ----------------- ##
## Output variables. ##
## ----------------- ##

CC='gcc'
CFLAGS='-O2 -I/home/projects/R7800-V1.0.0.40_gpl_src/staging_dir/host/include'
CPP='gcc -E'
CPPFLAGS='-I/home/projects/R7800-V1.0.0.40_gpl_src/staging_dir/host/include'
CXX='c++'
CXXCPP='c++ -E'
CXXFLAGS='-g -O2'
DEFS='-DHAVE_CONFIG_H'
ECHO_C=''
ECHO_N='-n'
ECHO_T=''
EXEEXT=''
GPERF_LIBM='-lm'
INSTALL='/usr/bin/install -c'
INSTALL_DATA='$(INSTALL) -m 644'
INSTALL_PROGRAM='$(INSTALL)'
LDFLAGS='-L/home/projects/R7800-V1.0.0.40_gpl_src/staging_dir/host/lib'
LIBOBJS=''
LIBS=''
LTLIBOBJS=''
OBJEXT='o'
PACKAGE_BUGREPORT=''
PACKAGE_NAME=''
PACKAGE_STRING=''
PACKAGE_TARNAME=''
PACKAGE_VERSION=''
PATH_SEPARATOR=':'
SET_MAKE=''
SHELL='/bin/bash'
ac_ct_CC=''
ac_ct_CXX='c++'
bindir='${exec_prefix}/bin'
build_alias='x86_64-linux-gnu'
datadir='${datarootdir}'
datarootdir='${prefix}/share'
docdir='${datarootdir}/doc/${PACKAGE}'
dvidir='${docdir}'
exec_prefix='/home/projects/R7800-V1.0.0.40_gpl_src/staging_dir/host'
host_alias='x86_64-linux-gnu'
htmldir='${docdir}'
includedir='${prefix}/include'
infodir='${datarootdir}/info'
libdir='${exec_prefix}/lib'
libexecdir='${exec_prefix}/libexec'
localedir='${datarootdir}/locale'
localstatedir='/home/projects/R7800-V1.0.0.40_gpl_src/staging_dir/host/var'
mandir='${datarootdir}/man'
oldincludedir='/usr/include'
pdfdir='${docdir}'
prefix='/home/projects/R7800-V1.0.0.40_gpl_src/staging_dir/host'
program_transform_name='s,x,x,'
psdir='${docdir}'
sbindir='/home/projects/R7800-V1.0.0.40_gpl_src/staging_dir/host/bin'
sharedstatedir='${prefix}/com'
sysconfdir='/home/projects/R7800-V1.0.0.40_gpl_src/staging_dir/host/etc'
target_alias='x86_64-linux-gnu'

## ----------- ##
## confdefs.h. ##
## ----------- ##

#define PACKAGE_NAME ""
#define PACKAGE_TARNAME ""
#define PACKAGE_VERSION ""
#define PACKAGE_STRING ""
#define PACKAGE_BUGREPORT ""
#define HAVE_DYNAMIC_ARRAY 1

configure: exit 0
